<?xml version="1.0" encoding="UTF-8"?>
<!-- Generated by org.testng.reporters.JUnitReportReporter -->
<testsuite skipped="0" hostname="HPDB0273" name="com.qait.automation.TatocAutomation.NewTest" tests="3" failures="0" timestamp="19 Jun 2018 07:10:30 GMT" time="5.991" errors="0">
  <testcase name="connectToChromeAndRunFirstPage" time="5.115" classname="com.qait.automation.TatocAutomation.NewTest"/>
  <testcase name="RunSecondPage" time="0.234" classname="com.qait.automation.TatocAutomation.NewTest"/>
  <testcase name="RunThirdPage" time="0.642" classname="com.qait.automation.TatocAutomation.NewTest"/>
</testsuite> <!-- com.qait.automation.TatocAutomation.NewTest -->
